<?xml version="1.0" encoding="UTF-8"?>
<testsuite xmlns:xsi="http://www.w3.org/2001/XMLSchema-instance" xsi:noNamespaceSchemaLocation="https://maven.apache.org/surefire/maven-surefire-plugin/xsd/surefire-test-report-3.0.xsd" version="3.0" name="org.example.TestRunner.Runners" time="233.992" tests="19" errors="0" skipped="0" failures="3">
  <properties>
[...]
</properties>
  <testcase name="runScenario" classname="org.example.TestRunner.Runners" time="13.78"/>
  <testcase name="runScenario" classname="org.example.TestRunner.Runners" time="13.839"/>
  <testcase name="runScenario" classname="org.example.TestRunner.Runners" time="7.057"/>
  <testcase name="runScenario" classname="org.example.TestRunner.Runners" time="7.239"/>
  <testcase name="runScenario" classname="org.example.TestRunner.Runners" time="8.316"/>
  <testcase name="runScenario" classname="org.example.TestRunner.Runners" time="8.546"/>
  <testcase name="runScenario" classname="org.example.TestRunner.Runners" time="6.942"/>
  <testcase name="runScenario" classname="org.example.TestRunner.Runners" time="10.414"/>
  <testcase name="runScenario" classname="org.example.TestRunner.Runners" time="10.619"/>
  <testcase name="runScenario" classname="org.example.TestRunner.Runners" time="9.547"/>
  <testcase name="runScenario" classname="org.example.TestRunner.Runners" time="19.147"/>
  <testcase name="runScenario" classname="org.example.TestRunner.Runners" time="6.424">
    <failure message="Assertion 1st slider fail expected [https://demo.nopcommerce.com/nokia-lumia-1020] but found [https://demo.nopcommerce.com/]" type="java.lang.AssertionError"><![CDATA[java.lang.AssertionError: Assertion 1st slider fail expected [https://demo.nopcommerce.com/nokia-lumia-1020] but found [https://demo.nopcommerce.com/]
]]></failure>
    <system-out><![CDATA[
@smoke
Scenario: user could click on 1st slider on home &amp#27;[90m# src/main/resources/Ecommerce_Features/F06_HomeSliders.feature:4&amp#27;[0m
  &amp#27;[32mWhen &amp#27;[0m&amp#27;[32muser click on slider_1&amp#27;[0m                    &amp#27;[90m# org.example.StepDefs.D06_homeSlidersStepDef.click_Slider()&amp#27;[0m
  &amp#27;[31mThen &amp#27;[0m&amp#27;[31muser direct to Nokia Lumia page&amp#27;[0m           &amp#27;[90m# org.example.StepDefs.D06_homeSlidersStepDef.userDirectToNokiaLumiaPage()&amp#27;[0m
      &amp#27;[31mjava.lang.AssertionError: Assertion 1st slider fail expected [https://demo.nopcommerce.com/nokia-lumia-1020] but found [https://demo.nopcommerce.com/]
	at org.testng.Assert.fail(Assert.java:110)
	at org.testng.Assert.failNotEquals(Assert.java:1413)
	at org.testng.Assert.assertEqualsImpl(Assert.java:149)
	at org.testng.Assert.assertEquals(Assert.java:131)
	at org.testng.Assert.assertEquals(Assert.java:655)
	at org.example.StepDefs.D06_homeSlidersStepDef.userDirectToNokiaLumiaPage(D06_homeSlidersStepDef.java:26)
	at ✽.user direct to Nokia Lumia page(file:///C:/Users/noura.zakarya/nopcommerce_project/src/main/resources/Ecommerce_Features/F06_HomeSliders.feature:7)
&amp#27;[0m
]]></system-out>
    <system-err><![CDATA[Starting ChromeDriver 106.0.5249.61 (511755355844955cd3e264779baf0dd38212a4d0-refs/branch-heads/5249@{#569}) on port 37100
Only local connections are allowed.
Please see https://chromedriver.chromium.org/security-considerations for suggestions on keeping ChromeDriver safe.
ChromeDriver was started successfully.
[1668295905.341][WARNING]: This version of ChromeDriver has not been tested with Chrome version 107.
]]></system-err>
  </testcase>
  <testcase name="runScenario" classname="org.example.TestRunner.Runners" time="37.949">
    <failure message="Assertion 2nd slider fail expected [https://demo.nopcommerce.com/iphone-6] but found [https://demo.nopcommerce.com/]" type="java.lang.AssertionError"><![CDATA[java.lang.AssertionError: Assertion 2nd slider fail expected [https://demo.nopcommerce.com/iphone-6] but found [https://demo.nopcommerce.com/]
]]></failure>
    <system-out><![CDATA[
@smoke
Scenario: user could click on 2nd slider on home &amp#27;[90m# src/main/resources/Ecommerce_Features/F06_HomeSliders.feature:9&amp#27;[0m
  &amp#27;[32mWhen &amp#27;[0m&amp#27;[32muser click on slider_2&amp#27;[0m                    &amp#27;[90m# org.example.StepDefs.D06_homeSlidersStepDef.userClickOnSecondSlider()&amp#27;[0m
  &amp#27;[31mThen &amp#27;[0m&amp#27;[31muser direct to iPhone&amp#27;[0m                     &amp#27;[90m# org.example.StepDefs.D06_homeSlidersStepDef.userDirectToIPhone()&amp#27;[0m
      &amp#27;[31mjava.lang.AssertionError: Assertion 2nd slider fail expected [https://demo.nopcommerce.com/iphone-6] but found [https://demo.nopcommerce.com/]
	at org.testng.Assert.fail(Assert.java:110)
	at org.testng.Assert.failNotEquals(Assert.java:1413)
	at org.testng.Assert.assertEqualsImpl(Assert.java:149)
	at org.testng.Assert.assertEquals(Assert.java:131)
	at org.testng.Assert.assertEquals(Assert.java:655)
	at org.example.StepDefs.D06_homeSlidersStepDef.userDirectToIPhone(D06_homeSlidersStepDef.java:41)
	at ✽.user direct to iPhone(file:///C:/Users/noura.zakarya/nopcommerce_project/src/main/resources/Ecommerce_Features/F06_HomeSliders.feature:12)
&amp#27;[0m
]]></system-out>
    <system-err><![CDATA[Starting ChromeDriver 106.0.5249.61 (511755355844955cd3e264779baf0dd38212a4d0-refs/branch-heads/5249@{#569}) on port 12999
Only local connections are allowed.
Please see https://chromedriver.chromium.org/security-considerations for suggestions on keeping ChromeDriver safe.
ChromeDriver was started successfully.
[1668295911.770][WARNING]: This version of ChromeDriver has not been tested with Chrome version 107.
]]></system-err>
  </testcase>
  <testcase name="runScenario" classname="org.example.TestRunner.Runners" time="18.521"/>
  <testcase name="runScenario" classname="org.example.TestRunner.Runners" time="7.396"/>
  <testcase name="runScenario" classname="org.example.TestRunner.Runners" time="16.569">
    <failure message="Assertion rss fail expected [https://demo.nopcommerce.com/new-online-store-is-open] but found [https://demo.nopcommerce.com/news/rss/1]" type="java.lang.AssertionError"><![CDATA[java.lang.AssertionError: Assertion rss fail expected [https://demo.nopcommerce.com/new-online-store-is-open] but found [https://demo.nopcommerce.com/news/rss/1]
]]></failure>
    <system-out><![CDATA[
@smoke
Scenario: user opens rss link                                                             &amp#27;[90m# src/main/resources/Ecommerce_Features/F07_FollowsUs.feature:12&amp#27;[0m
  &amp#27;[32mWhen &amp#27;[0m&amp#27;[32muser clicks rss link&amp#27;[0m                                                               &amp#27;[90m# org.example.StepDefs.D07_followUsStepDef.userClicksRssLink()&amp#27;[0m
  &amp#27;[31mThen &amp#27;[0m&amp#27;[31mrss link &amp#27;[0m&amp#27;[31m&amp#27;[1m"https://demo.nopcommerce.com/new-online-store-is-open"&amp#27;[0m&amp#27;[31mopens successfully&amp#27;[0m &amp#27;[90m# org.example.StepDefs.D07_followUsStepDef.rssLinkOpensSuccessfully(java.lang.String)&amp#27;[0m
      &amp#27;[31mjava.lang.AssertionError: Assertion rss fail expected [https://demo.nopcommerce.com/new-online-store-is-open] but found [https://demo.nopcommerce.com/news/rss/1]
	at org.testng.Assert.fail(Assert.java:110)
	at org.testng.Assert.failNotEquals(Assert.java:1413)
	at org.testng.Assert.assertEqualsImpl(Assert.java:149)
	at org.testng.Assert.assertEquals(Assert.java:131)
	at org.testng.Assert.assertEquals(Assert.java:655)
	at org.example.StepDefs.D07_followUsStepDef.rssLinkOpensSuccessfully(D07_followUsStepDef.java:63)
	at ✽.rss link "https://demo.nopcommerce.com/new-online-store-is-open"opens successfully(file:///C:/Users/noura.zakarya/nopcommerce_project/src/main/resources/Ecommerce_Features/F07_FollowsUs.feature:14)
&amp#27;[0m
]]></system-out>
    <system-err><![CDATA[Starting ChromeDriver 106.0.5249.61 (511755355844955cd3e264779baf0dd38212a4d0-refs/branch-heads/5249@{#569}) on port 29783
Only local connections are allowed.
Please see https://chromedriver.chromium.org/security-considerations for suggestions on keeping ChromeDriver safe.
ChromeDriver was started successfully.
[1668295975.726][WARNING]: This version of ChromeDriver has not been tested with Chrome version 107.
]]></system-err>
  </testcase>
  <testcase name="runScenario" classname="org.example.TestRunner.Runners" time="11.022"/>
  <testcase name="runScenario" classname="org.example.TestRunner.Runners" time="7.127"/>
  <testcase name="runScenario" classname="org.example.TestRunner.Runners" time="11.41"/>
</testsuite>